2025-07-24 19:10:44.026 +07:00 [INF] Voltage 1: 227.87894V
2025-07-24 19:10:44.055 +07:00 [INF] Voltage 2: 231.0922V
2025-07-24 19:10:44.055 +07:00 [INF] Voltage 3: 228.7712V
2025-07-24 19:10:44.055 +07:00 [INF] Current 1: 1.550389A
2025-07-24 19:10:44.055 +07:00 [INF] Current 2: 3.6577544A
2025-07-24 19:10:44.055 +07:00 [INF] Current 3: 1.9360702A
2025-07-24 19:10:44.055 +07:00 [INF] Watt 1: 94.69738W
2025-07-24 19:10:44.056 +07:00 [INF] Watt 2: 94.33302W
2025-07-24 19:10:44.056 +07:00 [INF] Watt 3: 141.12073W
2025-07-24 19:10:44.056 +07:00 [INF] VA 1: 353.301
2025-07-24 19:12:45.409 +07:00 [INF] Voltage 1: 227.87894V
2025-07-24 19:12:45.441 +07:00 [INF] Voltage 2: 231.0922V
2025-07-24 19:12:45.441 +07:00 [INF] Voltage 3: 228.7712V
2025-07-24 19:12:45.441 +07:00 [INF] Current 1: 1.550389A
2025-07-24 19:12:45.441 +07:00 [INF] Current 2: 3.6577544A
2025-07-24 19:12:45.441 +07:00 [INF] Current 3: 1.9360702A
2025-07-24 19:12:45.441 +07:00 [INF] Watt 1: 94.69738W
2025-07-24 19:12:45.441 +07:00 [INF] Watt 2: 94.33302W
2025-07-24 19:12:45.441 +07:00 [INF] Watt 3: 141.12073W
2025-07-24 19:12:45.441 +07:00 [INF] VA 1: 353.301
2025-07-24 19:12:45.441 +07:00 [INF] VA 2: 845.2785
2025-07-24 19:12:45.441 +07:00 [INF] VA 3: 442.91708
2025-07-24 19:12:45.441 +07:00 [INF] VAR 1: 220.95978
2025-07-24 19:12:45.441 +07:00 [INF] VAR 2: -727.24445
2025-07-24 19:12:45.441 +07:00 [INF] VAR 3: -371.36075
2025-07-24 19:32:57.403 +07:00 [INF] Voltage 1: 0V
2025-07-24 19:32:57.431 +07:00 [INF] Voltage 2: 0V
2025-07-24 19:32:57.431 +07:00 [INF] Voltage 3: 0V
2025-07-24 19:32:57.431 +07:00 [INF] Current 1: 0A
2025-07-24 19:32:57.431 +07:00 [INF] Current 2: 0A
2025-07-24 19:32:57.431 +07:00 [INF] Current 3: 0A
2025-07-24 19:32:57.431 +07:00 [INF] Watt 1: 0W
2025-07-24 19:32:57.431 +07:00 [INF] Watt 2: 0W
2025-07-24 19:32:57.431 +07:00 [INF] Watt 3: 0W
2025-07-24 19:32:57.431 +07:00 [INF] VA 1: 0
2025-07-24 19:32:57.431 +07:00 [INF] VA 2: 0
2025-07-24 19:32:57.431 +07:00 [INF] VA 3: 0
2025-07-24 19:32:57.431 +07:00 [INF] VAR 1: 0
2025-07-24 19:32:57.431 +07:00 [INF] VAR 2: 0
2025-07-24 19:32:57.431 +07:00 [INF] VAR 3: 0
2025-07-24 19:33:57.399 +07:00 [INF] Voltage 1: 227.87894V
2025-07-24 19:33:57.403 +07:00 [INF] Voltage 2: 231.0922V
2025-07-24 19:33:57.403 +07:00 [INF] Voltage 3: 228.7712V
2025-07-24 19:33:57.403 +07:00 [INF] Current 1: 1.550389A
2025-07-24 19:33:57.403 +07:00 [INF] Current 2: 3.6577544A
2025-07-24 19:33:57.403 +07:00 [INF] Current 3: 1.9360702A
2025-07-24 19:33:57.403 +07:00 [INF] Watt 1: 94.69738W
2025-07-24 19:33:57.403 +07:00 [INF] Watt 2: 94.33302W
2025-07-24 19:33:57.403 +07:00 [INF] Watt 3: 141.12073W
2025-07-24 19:33:57.403 +07:00 [INF] VA 1: 353.301
2025-07-24 19:33:57.403 +07:00 [INF] VA 2: 845.2785
2025-07-24 19:33:57.403 +07:00 [INF] VA 3: 442.91708
2025-07-24 19:33:57.403 +07:00 [INF] VAR 1: 220.95978
2025-07-24 19:33:57.403 +07:00 [INF] VAR 2: -727.24445
2025-07-24 19:33:57.403 +07:00 [INF] VAR 3: -371.36075
2025-07-24 19:33:57.504 +07:00 [INF] Voltage 1: 0V
2025-07-24 19:33:57.508 +07:00 [INF] Voltage 2: 0V
2025-07-24 19:33:57.508 +07:00 [INF] Voltage 3: 0V
2025-07-24 19:33:57.508 +07:00 [INF] Current 1: 0A
2025-07-24 19:33:57.508 +07:00 [INF] Current 2: 0A
2025-07-24 19:33:57.508 +07:00 [INF] Current 3: 0A
2025-07-24 19:33:57.508 +07:00 [INF] Watt 1: 0W
2025-07-24 19:33:57.508 +07:00 [INF] Watt 2: 0W
2025-07-24 19:33:57.508 +07:00 [INF] Watt 3: 0W
2025-07-24 19:33:57.508 +07:00 [INF] VA 1: 0
2025-07-24 19:33:57.508 +07:00 [INF] VA 2: 0
2025-07-24 19:33:57.508 +07:00 [INF] VA 3: 0
2025-07-24 19:33:57.508 +07:00 [INF] VAR 1: 0
2025-07-24 19:33:57.508 +07:00 [INF] VAR 2: 0
2025-07-24 19:33:57.508 +07:00 [INF] VAR 3: 0
2025-07-24 19:34:57.485 +07:00 [INF] Voltage 1: 227.87894V
2025-07-24 19:34:57.489 +07:00 [INF] Voltage 2: 231.0922V
2025-07-24 19:34:57.489 +07:00 [INF] Voltage 3: 228.7712V
2025-07-24 19:34:57.489 +07:00 [INF] Current 1: 1.550389A
2025-07-24 19:34:57.489 +07:00 [INF] Current 2: 3.6577544A
2025-07-24 19:34:57.489 +07:00 [INF] Current 3: 1.9360702A
2025-07-24 19:34:57.489 +07:00 [INF] Watt 1: 94.69738W
2025-07-24 19:34:57.489 +07:00 [INF] Watt 2: 94.33302W
2025-07-24 19:34:57.489 +07:00 [INF] Watt 3: 141.12073W
2025-07-24 19:34:57.489 +07:00 [INF] VA 1: 353.301
2025-07-24 19:34:57.489 +07:00 [INF] VA 2: 845.2785
2025-07-24 19:34:57.489 +07:00 [INF] VA 3: 442.91708
2025-07-24 19:34:57.489 +07:00 [INF] VAR 1: 220.95978
2025-07-24 19:34:57.489 +07:00 [INF] VAR 2: -727.24445
2025-07-24 19:34:57.489 +07:00 [INF] VAR 3: -371.36075
2025-07-24 19:34:57.577 +07:00 [INF] Voltage 1: 0V
2025-07-24 19:34:57.580 +07:00 [INF] Voltage 2: 0V
2025-07-24 19:34:57.580 +07:00 [INF] Voltage 3: 0V
2025-07-24 19:34:57.580 +07:00 [INF] Current 1: 0A
2025-07-24 19:34:57.580 +07:00 [INF] Current 2: 0A
2025-07-24 19:34:57.580 +07:00 [INF] Current 3: 0A
2025-07-24 19:34:57.580 +07:00 [INF] Watt 1: 0W
2025-07-24 19:34:57.580 +07:00 [INF] Watt 2: 0W
2025-07-24 19:34:57.580 +07:00 [INF] Watt 3: 0W
2025-07-24 19:34:57.580 +07:00 [INF] VA 1: 0
2025-07-24 19:34:57.580 +07:00 [INF] VA 2: 0
2025-07-24 19:34:57.580 +07:00 [INF] VA 3: 0
2025-07-24 19:34:57.580 +07:00 [INF] VAR 1: 0
2025-07-24 19:34:57.580 +07:00 [INF] VAR 2: 0
2025-07-24 19:34:57.580 +07:00 [INF] VAR 3: 0
2025-07-24 21:39:46.325 +07:00 [INF] Voltage 1: 227.87894V
2025-07-24 21:39:46.360 +07:00 [INF] Voltage 2: 231.0922V
2025-07-24 21:39:46.360 +07:00 [INF] Voltage 3: 228.7712V
2025-07-24 21:39:46.360 +07:00 [INF] Current 1: 1.550389A
2025-07-24 21:39:46.360 +07:00 [INF] Current 2: 3.6577544A
2025-07-24 21:39:46.360 +07:00 [INF] Current 3: 1.9360702A
2025-07-24 21:39:46.360 +07:00 [INF] Watt 1: 94.69738W
2025-07-24 21:39:46.360 +07:00 [INF] Watt 2: 94.33302W
2025-07-24 21:39:46.360 +07:00 [INF] Watt 3: 141.12073W
2025-07-24 21:39:46.360 +07:00 [INF] VA 1: 353.301
2025-07-24 21:39:46.360 +07:00 [INF] VA 2: 845.2785
2025-07-24 21:39:46.360 +07:00 [INF] VA 3: 442.91708
2025-07-24 21:39:46.360 +07:00 [INF] VAR 1: 220.95978
2025-07-24 21:39:46.360 +07:00 [INF] VAR 2: -727.24445
2025-07-24 21:39:46.360 +07:00 [INF] VAR 3: -371.36075
2025-07-24 21:40:46.428 +07:00 [INF] Voltage 1: 227.87894V
2025-07-24 21:40:46.432 +07:00 [INF] Voltage 2: 231.0922V
2025-07-24 21:40:46.432 +07:00 [INF] Voltage 3: 228.7712V
2025-07-24 21:40:46.432 +07:00 [INF] Current 1: 1.550389A
2025-07-24 21:40:46.432 +07:00 [INF] Current 2: 3.6577544A
2025-07-24 21:40:46.432 +07:00 [INF] Current 3: 1.9360702A
2025-07-24 21:40:46.432 +07:00 [INF] Watt 1: 94.69738W
2025-07-24 21:40:46.432 +07:00 [INF] Watt 2: 94.33302W
2025-07-24 21:40:46.432 +07:00 [INF] Watt 3: 141.12073W
2025-07-24 21:40:46.433 +07:00 [INF] VA 1: 353.301
2025-07-24 21:40:46.433 +07:00 [INF] VA 2: 845.2785
2025-07-24 21:40:46.433 +07:00 [INF] VA 3: 442.91708
2025-07-24 21:40:46.433 +07:00 [INF] VAR 1: 220.95978
2025-07-24 21:40:46.433 +07:00 [INF] VAR 2: -727.24445
2025-07-24 21:40:46.433 +07:00 [INF] VAR 3: -371.36075
