2025-07-22 20:07:50.232 +07:00 [INF] Voltage 1: 0V
2025-07-22 20:07:50.265 +07:00 [INF] Voltage 2: 0V
2025-07-22 20:07:50.265 +07:00 [INF] Voltage 3: 0V
2025-07-22 20:07:50.265 +07:00 [INF] Current 1: 0A
2025-07-22 20:07:50.265 +07:00 [INF] Current 2: 0A
2025-07-22 20:07:50.265 +07:00 [INF] Current 3: 0A
2025-07-22 20:07:50.265 +07:00 [INF] Watt 1: 0W
2025-07-22 20:07:50.265 +07:00 [INF] Watt 2: 0W
2025-07-22 20:07:50.265 +07:00 [INF] Watt 3: 0W
2025-07-22 20:07:50.265 +07:00 [INF] VA 1: 0
2025-07-22 20:07:50.265 +07:00 [INF] VA 2: 0
2025-07-22 20:07:50.265 +07:00 [INF] VA 3: 0
2025-07-22 20:07:50.265 +07:00 [INF] VAR 1: 0
2025-07-22 20:07:50.265 +07:00 [INF] VAR 2: 0
2025-07-22 20:07:50.265 +07:00 [INF] VAR 3: 0
2025-07-22 20:08:59.083 +07:00 [INF] Voltage 1: 0V
2025-07-22 20:08:59.112 +07:00 [INF] Voltage 2: 0V
2025-07-22 20:08:59.112 +07:00 [INF] Voltage 3: 0V
2025-07-22 20:08:59.112 +07:00 [INF] Current 1: 0A
2025-07-22 20:08:59.112 +07:00 [INF] Current 2: 0A
2025-07-22 20:08:59.112 +07:00 [INF] Current 3: 0A
2025-07-22 20:08:59.112 +07:00 [INF] Watt 1: 0W
2025-07-22 20:08:59.112 +07:00 [INF] Watt 2: 0W
2025-07-22 20:08:59.112 +07:00 [INF] Watt 3: 0W
2025-07-22 20:08:59.112 +07:00 [INF] VA 1: 0
2025-07-22 20:08:59.112 +07:00 [INF] VA 2: 0
2025-07-22 20:08:59.112 +07:00 [INF] VA 3: 0
2025-07-22 20:08:59.112 +07:00 [INF] VAR 1: 0
2025-07-22 20:08:59.112 +07:00 [INF] VAR 2: 0
2025-07-22 20:08:59.112 +07:00 [INF] VAR 3: 0
2025-07-22 20:10:50.992 +07:00 [INF] Voltage 1: 0V
2025-07-22 20:10:51.022 +07:00 [INF] Voltage 2: 0V
2025-07-22 20:10:51.022 +07:00 [INF] Voltage 3: 0V
2025-07-22 20:10:51.022 +07:00 [INF] Current 1: 0A
2025-07-22 20:10:51.022 +07:00 [INF] Current 2: 0A
2025-07-22 20:10:51.022 +07:00 [INF] Current 3: 0A
2025-07-22 20:10:51.022 +07:00 [INF] Watt 1: 0W
2025-07-22 20:10:51.022 +07:00 [INF] Watt 2: 0W
2025-07-22 20:10:51.022 +07:00 [INF] Watt 3: 0W
2025-07-22 20:10:51.022 +07:00 [INF] VA 1: 0
2025-07-22 20:10:51.022 +07:00 [INF] VA 2: 0
2025-07-22 20:10:51.022 +07:00 [INF] VA 3: 0
2025-07-22 20:10:51.022 +07:00 [INF] VAR 1: 0
2025-07-22 20:10:51.022 +07:00 [INF] VAR 2: 0
2025-07-22 20:10:51.022 +07:00 [INF] VAR 3: 0
2025-07-22 20:12:24.944 +07:00 [INF] Voltage 1: 0V
2025-07-22 20:12:24.978 +07:00 [INF] Voltage 2: 0V
2025-07-22 20:12:24.978 +07:00 [INF] Voltage 3: 0V
2025-07-22 20:12:24.978 +07:00 [INF] Current 1: 0A
2025-07-22 20:12:24.978 +07:00 [INF] Current 2: 0A
2025-07-22 20:12:24.978 +07:00 [INF] Current 3: 0A
2025-07-22 20:12:24.978 +07:00 [INF] Watt 1: 0W
2025-07-22 20:12:24.978 +07:00 [INF] Watt 2: 0W
2025-07-22 20:12:24.978 +07:00 [INF] Watt 3: 0W
2025-07-22 20:12:24.978 +07:00 [INF] VA 1: 0
2025-07-22 20:12:24.978 +07:00 [INF] VA 2: 0
2025-07-22 20:12:24.978 +07:00 [INF] VA 3: 0
2025-07-22 20:12:24.978 +07:00 [INF] VAR 1: 0
2025-07-22 20:12:24.978 +07:00 [INF] VAR 2: 0
2025-07-22 20:12:24.978 +07:00 [INF] VAR 3: 0
2025-07-22 20:13:39.183 +07:00 [INF] Voltage 1: 0V
2025-07-22 20:13:39.212 +07:00 [INF] Voltage 2: 0V
2025-07-22 20:13:39.212 +07:00 [INF] Voltage 3: 0V
2025-07-22 20:13:39.212 +07:00 [INF] Current 1: 0A
2025-07-22 20:13:39.212 +07:00 [INF] Current 2: 0A
2025-07-22 20:13:39.212 +07:00 [INF] Current 3: 0A
2025-07-22 20:13:39.212 +07:00 [INF] Watt 1: 0W
2025-07-22 20:13:39.212 +07:00 [INF] Watt 2: 0W
2025-07-22 20:13:39.212 +07:00 [INF] Watt 3: 0W
2025-07-22 20:13:39.212 +07:00 [INF] VA 1: 0
2025-07-22 20:13:39.212 +07:00 [INF] VA 2: 0
2025-07-22 20:13:39.212 +07:00 [INF] VA 3: 0
2025-07-22 20:13:39.212 +07:00 [INF] VAR 1: 0
2025-07-22 20:13:39.212 +07:00 [INF] VAR 2: 0
2025-07-22 20:13:39.212 +07:00 [INF] VAR 3: 0
2025-07-22 20:17:19.434 +07:00 [INF] Voltage 1: 0V
2025-07-22 20:17:19.438 +07:00 [INF] Voltage 2: 0V
2025-07-22 20:17:19.438 +07:00 [INF] Voltage 3: 0V
2025-07-22 20:17:19.438 +07:00 [INF] Current 1: 0A
2025-07-22 20:17:19.438 +07:00 [INF] Current 2: 0A
2025-07-22 20:17:19.438 +07:00 [INF] Current 3: 0A
2025-07-22 20:17:19.438 +07:00 [INF] Watt 1: 0W
2025-07-22 20:17:19.438 +07:00 [INF] Watt 2: 0W
2025-07-22 20:17:19.438 +07:00 [INF] Watt 3: 0W
2025-07-22 20:17:19.438 +07:00 [INF] VA 1: 0
2025-07-22 20:17:19.438 +07:00 [INF] VA 2: 0
2025-07-22 20:17:19.438 +07:00 [INF] VA 3: 0
2025-07-22 20:17:19.438 +07:00 [INF] VAR 1: 0
2025-07-22 20:17:19.438 +07:00 [INF] VAR 2: 0
2025-07-22 20:17:19.438 +07:00 [INF] VAR 3: 0
2025-07-22 20:17:52.726 +07:00 [INF] Voltage 1: 227.87894V
2025-07-22 20:17:52.755 +07:00 [INF] Voltage 2: 231.0922V
2025-07-22 20:17:52.755 +07:00 [INF] Voltage 3: 228.7712V
2025-07-22 20:17:52.755 +07:00 [INF] Current 1: 1.550389A
2025-07-22 20:17:52.755 +07:00 [INF] Current 2: 3.6577544A
2025-07-22 20:17:52.755 +07:00 [INF] Current 3: 1.9360702A
2025-07-22 20:17:52.755 +07:00 [INF] Watt 1: 94.69738W
2025-07-22 20:17:52.755 +07:00 [INF] Watt 2: 94.33302W
2025-07-22 20:17:52.755 +07:00 [INF] Watt 3: 141.12073W
2025-07-22 20:17:52.755 +07:00 [INF] VA 1: 353.301
2025-07-22 20:17:52.755 +07:00 [INF] VA 2: 845.2785
2025-07-22 20:17:52.755 +07:00 [INF] VA 3: 442.91708
2025-07-22 20:17:52.755 +07:00 [INF] VAR 1: 220.95978
2025-07-22 20:17:52.755 +07:00 [INF] VAR 2: -727.24445
2025-07-22 20:17:52.755 +07:00 [INF] VAR 3: -371.36075
2025-07-22 20:18:36.539 +07:00 [INF] Voltage 1: 227.87894V
2025-07-22 20:18:36.567 +07:00 [INF] Voltage 2: 231.0922V
2025-07-22 20:18:36.568 +07:00 [INF] Voltage 3: 228.7712V
2025-07-22 20:18:36.568 +07:00 [INF] Current 1: 1.550389A
2025-07-22 20:18:36.568 +07:00 [INF] Current 2: 3.6577544A
2025-07-22 20:18:36.568 +07:00 [INF] Current 3: 1.9360702A
2025-07-22 20:18:36.568 +07:00 [INF] Watt 1: 94.69738W
2025-07-22 20:18:36.568 +07:00 [INF] Watt 2: 94.33302W
2025-07-22 20:18:36.568 +07:00 [INF] Watt 3: 141.12073W
2025-07-22 20:18:36.568 +07:00 [INF] VA 1: 353.301
2025-07-22 20:18:36.568 +07:00 [INF] VA 2: 845.2785
2025-07-22 20:18:36.568 +07:00 [INF] VA 3: 442.91708
2025-07-22 20:18:36.568 +07:00 [INF] VAR 1: 220.95978
2025-07-22 20:18:36.568 +07:00 [INF] VAR 2: -727.24445
2025-07-22 20:18:36.568 +07:00 [INF] VAR 3: -371.36075
